<?xml version="1.0" encoding="UTF-8"?>
<robot generator="Robot 5.0.1 (Python 3.10.5 on win32)" generated="20220801 11:08:21.271" rpa="false" schemaversion="3">
<suite id="s1" name="Parallel Test Execution" source="C:\RobotFramework\UI_Test\Parallel_Test_Execution.robot">
<test id="s1-t1" name="TC_001-Launch WebOrder and login to application" line="19">
<kw name="Open Browser" library="SeleniumLibrary">
<arg>http://secure.smartbearsoftware.com/samples/testcomplete11/WebOrders/Default.aspx</arg>
<arg>Chrome</arg>
<doc>Opens a new browser instance to the optional ``url``.</doc>
<msg timestamp="20220801 11:08:21.558" level="INFO">Opening browser 'Chrome' to base url 'http://secure.smartbearsoftware.com/samples/testcomplete11/WebOrders/Default.aspx'.</msg>
<status status="PASS" starttime="20220801 11:08:21.558" endtime="20220801 11:08:23.298"/>
</kw>
<kw name="Maximize Browser Window" library="SeleniumLibrary">
<doc>Maximizes current browser window.</doc>
<status status="PASS" starttime="20220801 11:08:23.299" endtime="20220801 11:08:23.475"/>
</kw>
<kw name="Input Text" library="SeleniumLibrary">
<arg>id=ctl00_MainContent_username</arg>
<arg>Tester</arg>
<doc>Types the given ``text`` into the text field identified by ``locator``.</doc>
<msg timestamp="20220801 11:08:23.476" level="INFO">Typing text 'Tester' into text field 'id=ctl00_MainContent_username'.</msg>
<status status="PASS" starttime="20220801 11:08:23.475" endtime="20220801 11:08:23.564"/>
</kw>
<kw name="Input Text" library="SeleniumLibrary">
<arg>id=ctl00_MainContent_password</arg>
<arg>test</arg>
<doc>Types the given ``text`` into the text field identified by ``locator``.</doc>
<msg timestamp="20220801 11:08:23.565" level="INFO">Typing text 'test' into text field 'id=ctl00_MainContent_password'.</msg>
<status status="PASS" starttime="20220801 11:08:23.564" endtime="20220801 11:08:23.651"/>
</kw>
<kw name="Click Button" library="SeleniumLibrary">
<arg>id=ctl00_MainContent_login_button</arg>
<doc>Clicks the button identified by ``locator``.</doc>
<msg timestamp="20220801 11:08:23.652" level="INFO">Clicking button 'id=ctl00_MainContent_login_button'.</msg>
<status status="PASS" starttime="20220801 11:08:23.652" endtime="20220801 11:08:24.073"/>
</kw>
<kw name="Page Should Contain Button" library="SeleniumLibrary">
<arg>id=ctl00_MainContent_btnDelete</arg>
<doc>Verifies button ``locator`` is found from current page.</doc>
<msg timestamp="20220801 11:08:24.123" level="INFO">Current page contains input 'id=ctl00_MainContent_btnDelete'.</msg>
<status status="PASS" starttime="20220801 11:08:24.073" endtime="20220801 11:08:24.123"/>
</kw>
<kw name="Close Browser" library="SeleniumLibrary">
<doc>Closes the current browser.</doc>
<status status="PASS" starttime="20220801 11:08:24.124" endtime="20220801 11:08:26.213"/>
</kw>
<status status="PASS" starttime="20220801 11:08:21.556" endtime="20220801 11:08:26.213"/>
</test>
<doc>Suite description</doc>
<status status="PASS" starttime="20220801 11:08:21.283" endtime="20220801 11:08:26.214"/>
</suite>
<statistics>
<total>
<stat pass="1" fail="0" skip="0">All Tests</stat>
</total>
<tag>
</tag>
<suite>
<stat pass="1" fail="0" skip="0" id="s1" name="Parallel Test Execution">Parallel Test Execution</stat>
</suite>
</statistics>
<errors>
</errors>
</robot>
