<?xml version="1.0" encoding="UTF-8"?>
<robot generator="Robot 5.0.1 (Python 3.10.5 on win32)" generated="20220805 09:06:02.502" rpa="false" schemaversion="3">
<suite id="s1" name="OrangrHRM Login With Variable" source="C:\RobotFramework\UI_Test\OrangrHRM_Login_With_Variable.robot">
<test id="s1-t1" name="Launch OrangeHRM Login Page" line="9">
<kw name="Open Browser" library="SeleniumLibrary">
<arg>${url}</arg>
<arg>${browser}</arg>
<doc>Opens a new browser instance to the optional ``url``.</doc>
<msg timestamp="20220805 09:06:02.767" level="INFO">Opening browser 'chrome' to base url 'https://opensource-demo.orangehrmlive.com/'.</msg>
<status status="PASS" starttime="20220805 09:06:02.767" endtime="20220805 09:06:04.551"/>
</kw>
<kw name="Maximize Browser Window" library="SeleniumLibrary">
<doc>Maximizes current browser window.</doc>
<status status="PASS" starttime="20220805 09:06:04.552" endtime="20220805 09:06:04.675"/>
</kw>
<kw name="Input Text" library="SeleniumLibrary">
<arg>name=txtUsername</arg>
<arg>Admin</arg>
<doc>Types the given ``text`` into the text field identified by ``locator``.</doc>
<msg timestamp="20220805 09:06:04.676" level="INFO">Typing text 'Admin' into text field 'name=txtUsername'.</msg>
<status status="PASS" starttime="20220805 09:06:04.676" endtime="20220805 09:06:04.768"/>
</kw>
<kw name="Input Text" library="SeleniumLibrary">
<arg>name=txtPassword</arg>
<arg>admin123</arg>
<doc>Types the given ``text`` into the text field identified by ``locator``.</doc>
<msg timestamp="20220805 09:06:04.769" level="INFO">Typing text 'admin123' into text field 'name=txtPassword'.</msg>
<status status="PASS" starttime="20220805 09:06:04.768" endtime="20220805 09:06:04.857"/>
</kw>
<kw name="Click Button" library="SeleniumLibrary">
<arg>xpath=//input[@id='btnLogin']</arg>
<doc>Clicks the button identified by ``locator``.</doc>
<msg timestamp="20220805 09:06:04.858" level="INFO">Clicking button 'xpath=//input[@id='btnLogin']'.</msg>
<status status="PASS" starttime="20220805 09:06:04.858" endtime="20220805 09:06:06.436"/>
</kw>
<kw name="Element Text Should Be" library="SeleniumLibrary">
<arg>link=Dashboard</arg>
<arg>Dashboard</arg>
<doc>Verifies that element ``locator`` contains exact the text ``expected``.</doc>
<msg timestamp="20220805 09:06:06.437" level="INFO">Verifying element 'link=Dashboard' contains exact text 'Dashboard'.</msg>
<status status="PASS" starttime="20220805 09:06:06.436" endtime="20220805 09:06:06.506"/>
</kw>
<kw name="Close Browser" library="SeleniumLibrary">
<doc>Closes the current browser.</doc>
<status status="PASS" starttime="20220805 09:06:06.506" endtime="20220805 09:06:08.625"/>
</kw>
<status status="PASS" starttime="20220805 09:06:02.767" endtime="20220805 09:06:08.625"/>
</test>
<doc>Suite description</doc>
<status status="PASS" starttime="20220805 09:06:02.502" endtime="20220805 09:06:08.625"/>
</suite>
<statistics>
<total>
<stat pass="1" fail="0" skip="0">All Tests</stat>
</total>
<tag>
</tag>
<suite>
<stat pass="1" fail="0" skip="0" id="s1" name="OrangrHRM Login With Variable">OrangrHRM Login With Variable</stat>
</suite>
</statistics>
<errors>
</errors>
</robot>
