<?xml version="1.0" encoding="UTF-8"?>
<robot generator="Robot 5.0.1 (Python 3.10.5 on win32)" generated="20220801 11:19:31.109" rpa="false" schemaversion="3">
<suite id="s1" name="Depends On Testcase Execution" source="C:\RobotFramework\UI_Test\Depends_On_Testcase_Execution.robot">
<test id="s1-t1" name="AddButton" line="18">
<kw name="Depends On Test" library="DependencyLibrary">
<arg>Login_To_OrangeHRM</arg>
<msg timestamp="20220801 11:19:31.404" level="FAIL">Dependency not met: test case 'Login_To_OrangeHRM' not found.</msg>
<status status="FAIL" starttime="20220801 11:19:31.403" endtime="20220801 11:19:31.405"/>
</kw>
<kw name="Mouse Over link=Admin">
<status status="NOT RUN" starttime="20220801 11:19:31.410" endtime="20220801 11:19:31.410"/>
</kw>
<kw name="Sleep" library="BuiltIn">
<arg>2s</arg>
<doc>Pauses the test executed for the given time.</doc>
<status status="NOT RUN" starttime="20220801 11:19:31.410" endtime="20220801 11:19:31.410"/>
</kw>
<kw name="Mouse Over link=User Management">
<status status="NOT RUN" starttime="20220801 11:19:31.414" endtime="20220801 11:19:31.415"/>
</kw>
<kw name="Click Link link=Users">
<status status="NOT RUN" starttime="20220801 11:19:31.419" endtime="20220801 11:19:31.419"/>
</kw>
<kw name="Click Button" library="SeleniumLibrary">
<arg>name=btnAdd</arg>
<doc>Clicks the button identified by ``locator``.</doc>
<status status="NOT RUN" starttime="20220801 11:19:31.419" endtime="20220801 11:19:31.419"/>
</kw>
<status status="FAIL" starttime="20220801 11:19:31.400" endtime="20220801 11:19:31.420">Dependency not met: test case 'Login_To_OrangeHRM' not found.</status>
</test>
<doc>Suite description</doc>
<status status="FAIL" starttime="20220801 11:19:31.121" endtime="20220801 11:19:31.422"/>
</suite>
<statistics>
<total>
<stat pass="0" fail="1" skip="0">All Tests</stat>
</total>
<tag>
</tag>
<suite>
<stat pass="0" fail="1" skip="0" id="s1" name="Depends On Testcase Execution">Depends On Testcase Execution</stat>
</suite>
</statistics>
<errors>
</errors>
</robot>
