<?xml version="1.0" encoding="UTF-8"?>
<robot generator="Robot 5.0.1 (Python 3.10.5 on win32)" generated="20220801 11:08:21.270" rpa="false" schemaversion="3">
<suite id="s1" name="Parallel Test Execution" source="C:\RobotFramework\UI_Test\Parallel_Test_Execution.robot">
<test id="s1-t1" name="Verify that a string can be written and read from a Simple Iframe" line="27">
<kw name="Open Browser" library="SeleniumLibrary">
<arg>https://netbanking.hdfcbank.com/netbanking/</arg>
<arg>Chrome</arg>
<doc>Opens a new browser instance to the optional ``url``.</doc>
<msg timestamp="20220801 11:08:21.556" level="INFO">Opening browser 'Chrome' to base url 'https://netbanking.hdfcbank.com/netbanking/'.</msg>
<status status="PASS" starttime="20220801 11:08:21.556" endtime="20220801 11:08:25.936"/>
</kw>
<kw name="Wait Until Element Is Visible" library="SeleniumLibrary">
<arg>xpath=//frame[@name='login_page']</arg>
<arg>timeout=5</arg>
<doc>Waits until the element ``locator`` is visible.</doc>
<status status="PASS" starttime="20220801 11:08:25.936" endtime="20220801 11:08:25.972"/>
</kw>
<kw name="Select Frame" library="SeleniumLibrary">
<arg>name=login_page</arg>
<doc>Sets frame identified by ``locator`` as the current frame.</doc>
<msg timestamp="20220801 11:08:25.973" level="INFO">Selecting frame 'name=login_page'.</msg>
<status status="PASS" starttime="20220801 11:08:25.972" endtime="20220801 11:08:26.001"/>
</kw>
<kw name="Input Text" library="SeleniumLibrary">
<arg>css=input[name='fldLoginUserId']</arg>
<arg>1000</arg>
<doc>Types the given ``text`` into the text field identified by ``locator``.</doc>
<msg timestamp="20220801 11:08:26.002" level="INFO">Typing text '1000' into text field 'css=input[name='fldLoginUserId']'.</msg>
<status status="PASS" starttime="20220801 11:08:26.001" endtime="20220801 11:08:26.070"/>
</kw>
<kw name="Click Element" library="SeleniumLibrary">
<arg>xpath=//a[normalize-space()='CONTINUE']</arg>
<doc>Click the element identified by ``locator``.</doc>
<msg timestamp="20220801 11:08:26.071" level="INFO">Clicking element 'xpath=//a[normalize-space()='CONTINUE']'.</msg>
<status status="PASS" starttime="20220801 11:08:26.070" endtime="20220801 11:08:27.067"/>
</kw>
<kw name="Element Should Contain" library="SeleniumLibrary">
<arg>xpath=//span[normalize-space()='Password/ IPIN']</arg>
<arg>Password/ IPIN</arg>
<doc>Verifies that element ``locator`` contains text ``expected``.</doc>
<msg timestamp="20220801 11:08:27.095" level="INFO">Element 'xpath=//span[normalize-space()='Password/ IPIN']' contains text 'Password/ IPIN'.</msg>
<status status="PASS" starttime="20220801 11:08:27.067" endtime="20220801 11:08:27.095"/>
</kw>
<kw name="Sleep" library="BuiltIn">
<arg>2s</arg>
<doc>Pauses the test executed for the given time.</doc>
<msg timestamp="20220801 11:08:29.096" level="INFO">Slept 2 seconds</msg>
<status status="PASS" starttime="20220801 11:08:27.095" endtime="20220801 11:08:29.096"/>
</kw>
<kw name="Close Browser" library="SeleniumLibrary">
<doc>Closes the current browser.</doc>
<status status="PASS" starttime="20220801 11:08:29.096" endtime="20220801 11:08:32.301"/>
</kw>
<doc>This test case handle iframe</doc>
<status status="PASS" starttime="20220801 11:08:21.554" endtime="20220801 11:08:32.301"/>
</test>
<doc>Suite description</doc>
<status status="PASS" starttime="20220801 11:08:21.282" endtime="20220801 11:08:32.302"/>
</suite>
<statistics>
<total>
<stat pass="1" fail="0" skip="0">All Tests</stat>
</total>
<tag>
</tag>
<suite>
<stat pass="1" fail="0" skip="0" id="s1" name="Parallel Test Execution">Parallel Test Execution</stat>
</suite>
</statistics>
<errors>
</errors>
</robot>
