<?xml version="1.0" encoding="UTF-8"?>
<robot generator="Robot 5.0.1 (Python 3.10.5 on win32)" generated="20220801 11:19:32.012" rpa="false" schemaversion="3">
<suite id="s1" name="Depends On Testcase Execution" source="C:\RobotFramework\UI_Test\Depends_On_Testcase_Execution.robot">
<test id="s1-t1" name="DeleteUser" line="46">
<kw name="Depends On Test" library="DependencyLibrary">
<arg>VerifyUser</arg>
<msg timestamp="20220801 11:19:32.293" level="FAIL">Dependency not met: test case 'VerifyUser' not found.</msg>
<status status="FAIL" starttime="20220801 11:19:32.292" endtime="20220801 11:19:32.294"/>
</kw>
<kw name="Click Element" library="SeleniumLibrary">
<arg>xpath=//a[normalize-space()='${empname}']//parent::td/../td/input</arg>
<doc>Click the element identified by ``locator``.</doc>
<status status="NOT RUN" starttime="20220801 11:19:32.294" endtime="20220801 11:19:32.294"/>
</kw>
<kw name="Sleep" library="BuiltIn">
<arg>5s</arg>
<doc>Pauses the test executed for the given time.</doc>
<status status="NOT RUN" starttime="20220801 11:19:32.294" endtime="20220801 11:19:32.294"/>
</kw>
<kw name="Click Element" library="SeleniumLibrary">
<arg>id=btnDelete</arg>
<doc>Click the element identified by ``locator``.</doc>
<status status="NOT RUN" starttime="20220801 11:19:32.295" endtime="20220801 11:19:32.295"/>
</kw>
<kw name="Sleep" library="BuiltIn">
<arg>2s</arg>
<doc>Pauses the test executed for the given time.</doc>
<status status="NOT RUN" starttime="20220801 11:19:32.295" endtime="20220801 11:19:32.295"/>
</kw>
<kw name="Click Element" library="SeleniumLibrary">
<arg>id=dialogDeleteBtn</arg>
<doc>Click the element identified by ``locator``.</doc>
<status status="NOT RUN" starttime="20220801 11:19:32.295" endtime="20220801 11:19:32.295"/>
</kw>
<kw name="Sleep" library="BuiltIn">
<arg>5s</arg>
<doc>Pauses the test executed for the given time.</doc>
<status status="NOT RUN" starttime="20220801 11:19:32.295" endtime="20220801 11:19:32.296"/>
</kw>
<status status="FAIL" starttime="20220801 11:19:32.290" endtime="20220801 11:19:32.296">Dependency not met: test case 'VerifyUser' not found.</status>
</test>
<doc>Suite description</doc>
<status status="FAIL" starttime="20220801 11:19:32.023" endtime="20220801 11:19:32.298"/>
</suite>
<statistics>
<total>
<stat pass="0" fail="1" skip="0">All Tests</stat>
</total>
<tag>
</tag>
<suite>
<stat pass="0" fail="1" skip="0" id="s1" name="Depends On Testcase Execution">Depends On Testcase Execution</stat>
</suite>
</statistics>
<errors>
</errors>
</robot>
