<?xml version="1.0" encoding="UTF-8"?>
<robot generator="Robot 5.0.1 (Python 3.10.5 on win32)" generated="20220804 12:33:09.551" rpa="false" schemaversion="3">
<suite id="s1" name="Calculator Using White" source="C:\RobotFramework\API_Test\Calculator_Using_White.robot">
<test id="s1-t1" name="Notepad Example" line="6">
<kw name="Launch Application" library="WhiteLibrary">
<arg>${TEST APPLICATION}</arg>
<doc>Launches an application.</doc>
<status status="PASS" starttime="20220804 12:33:10.192" endtime="20220804 12:33:10.286"/>
</kw>
<kw name="Attach Window" library="WhiteLibrary">
<arg>Untitled - Notepad</arg>
<doc>Attaches WhiteLibrary to a window.</doc>
<status status="PASS" starttime="20220804 12:33:10.286" endtime="20220804 12:33:10.487"/>
</kw>
<kw name="Press Keys" library="WhiteLibrary">
<arg>Welcome Abhi</arg>
<doc>Press a key or keys.</doc>
<status status="PASS" starttime="20220804 12:33:10.487" endtime="20220804 12:33:10.534"/>
</kw>
<kw name="Sleep" library="BuiltIn">
<arg>2s</arg>
<doc>Pauses the test executed for the given time.</doc>
<msg timestamp="20220804 12:33:12.536" level="INFO">Slept 2 seconds</msg>
<status status="PASS" starttime="20220804 12:33:10.534" endtime="20220804 12:33:12.536"/>
</kw>
<kw name="Get Text From Textbox" library="WhiteLibrary">
<var>${act_text}</var>
<arg>id:15</arg>
<doc>Returns the text of a text box.</doc>
<msg timestamp="20220804 12:33:12.755" level="INFO">${act_text} = Welcome Abhi</msg>
<status status="PASS" starttime="20220804 12:33:12.536" endtime="20220804 12:33:12.755"/>
</kw>
<kw name="Should Be Equal" library="BuiltIn">
<arg>${act_text}</arg>
<arg>Welcome Abhi</arg>
<doc>Fails if the given objects are unequal.</doc>
<status status="PASS" starttime="20220804 12:33:12.755" endtime="20220804 12:33:12.755"/>
</kw>
<kw name="Log To Console" library="BuiltIn">
<arg>${act_text}</arg>
<doc>Logs the given message to the console.</doc>
<status status="PASS" starttime="20220804 12:33:12.770" endtime="20220804 12:33:12.770"/>
</kw>
<kw name="Click Menu Button" library="WhiteLibrary">
<arg>text:File</arg>
<doc>Clicks a menu button.</doc>
<status status="PASS" starttime="20220804 12:33:12.770" endtime="20220804 12:33:12.864"/>
</kw>
<kw name="Click Menu Button" library="WhiteLibrary">
<arg>text:Save</arg>
<doc>Clicks a menu button.</doc>
<status status="PASS" starttime="20220804 12:33:12.864" endtime="20220804 12:33:13.767"/>
</kw>
<kw name="Sleep" library="BuiltIn">
<arg>2s</arg>
<doc>Pauses the test executed for the given time.</doc>
<msg timestamp="20220804 12:33:15.783" level="INFO">Slept 2 seconds</msg>
<status status="PASS" starttime="20220804 12:33:13.767" endtime="20220804 12:33:15.783"/>
</kw>
<kw name="Press Keys" library="WhiteLibrary">
<arg>C:\\RobotFramework\\Myfile.txt</arg>
<doc>Press a key or keys.</doc>
<status status="PASS" starttime="20220804 12:33:15.783" endtime="20220804 12:33:15.905"/>
</kw>
<kw name="Click Button" library="WhiteLibrary">
<arg>text:Save</arg>
<doc>Clicks a button.</doc>
<status status="PASS" starttime="20220804 12:33:15.905" endtime="20220804 12:33:16.317"/>
</kw>
<kw name="Click Button" library="WhiteLibrary">
<arg>text:Yes</arg>
<doc>Clicks a button.</doc>
<status status="PASS" starttime="20220804 12:33:16.317" endtime="20220804 12:33:16.589"/>
</kw>
<kw name="Sleep" library="BuiltIn">
<arg>2s</arg>
<doc>Pauses the test executed for the given time.</doc>
<msg timestamp="20220804 12:33:18.589" level="INFO">Slept 2 seconds</msg>
<status status="PASS" starttime="20220804 12:33:16.589" endtime="20220804 12:33:18.589"/>
</kw>
<kw name="Close Application" library="WhiteLibrary">
<doc>Closes the attached application.</doc>
<status status="PASS" starttime="20220804 12:33:18.589" endtime="20220804 12:33:18.618"/>
</kw>
<status status="PASS" starttime="20220804 12:33:10.192" endtime="20220804 12:33:18.618"/>
</test>
<status status="PASS" starttime="20220804 12:33:09.551" endtime="20220804 12:33:18.618"/>
</suite>
<statistics>
<total>
<stat pass="1" fail="0" skip="0">All Tests</stat>
</total>
<tag>
</tag>
<suite>
<stat pass="1" fail="0" skip="0" id="s1" name="Calculator Using White">Calculator Using White</stat>
</suite>
</statistics>
<errors>
</errors>
</robot>
