<?xml version="1.0" encoding="UTF-8"?>
<robot generator="Robot 5.0.1 (Python 3.10.5 on win32)" generated="20220801 11:19:32.011" rpa="false" schemaversion="3">
<suite id="s1" name="Depends On Testcase Execution" source="C:\RobotFramework\UI_Test\Depends_On_Testcase_Execution.robot">
<test id="s1-t1" name="VerifyUser" line="41">
<kw name="Depends On Test" library="DependencyLibrary">
<arg>AddUser</arg>
<msg timestamp="20220801 11:19:32.293" level="FAIL">Dependency not met: test case 'AddUser' not found.</msg>
<status status="FAIL" starttime="20220801 11:19:32.292" endtime="20220801 11:19:32.294"/>
</kw>
<kw name="Table Should Contain" library="SeleniumLibrary">
<arg>xpath=//table[@id='resultTable']</arg>
<arg>${empname}</arg>
<doc>Verifies table contains text ``expected``.</doc>
<status status="NOT RUN" starttime="20220801 11:19:32.294" endtime="20220801 11:19:32.294"/>
</kw>
<kw name="Sleep" library="BuiltIn">
<arg>5s</arg>
<doc>Pauses the test executed for the given time.</doc>
<status status="NOT RUN" starttime="20220801 11:19:32.295" endtime="20220801 11:19:32.295"/>
</kw>
<status status="FAIL" starttime="20220801 11:19:32.291" endtime="20220801 11:19:32.295">Dependency not met: test case 'AddUser' not found.</status>
</test>
<doc>Suite description</doc>
<status status="FAIL" starttime="20220801 11:19:32.022" endtime="20220801 11:19:32.297"/>
</suite>
<statistics>
<total>
<stat pass="0" fail="1" skip="0">All Tests</stat>
</total>
<tag>
</tag>
<suite>
<stat pass="0" fail="1" skip="0" id="s1" name="Depends On Testcase Execution">Depends On Testcase Execution</stat>
</suite>
</statistics>
<errors>
</errors>
</robot>
