<?xml version="1.0" encoding="UTF-8"?>
<robot generator="Robot 5.0.1 (Python 3.10.5 on win32)" generated="20220801 11:19:32.006" rpa="false" schemaversion="3">
<suite id="s1" name="Depends On Testcase Execution" source="C:\RobotFramework\UI_Test\Depends_On_Testcase_Execution.robot">
<test id="s1-t1" name="Close Browser at end" line="57">
<kw name="Close Browser" library="SeleniumLibrary">
<doc>Closes the current browser.</doc>
<status status="PASS" starttime="20220801 11:19:32.297" endtime="20220801 11:19:32.298"/>
</kw>
<status status="PASS" starttime="20220801 11:19:32.295" endtime="20220801 11:19:32.298"/>
</test>
<doc>Suite description</doc>
<status status="PASS" starttime="20220801 11:19:32.018" endtime="20220801 11:19:32.299"/>
</suite>
<statistics>
<total>
<stat pass="1" fail="0" skip="0">All Tests</stat>
</total>
<tag>
</tag>
<suite>
<stat pass="1" fail="0" skip="0" id="s1" name="Depends On Testcase Execution">Depends On Testcase Execution</stat>
</suite>
</statistics>
<errors>
</errors>
</robot>
